app/build/intermediates/manifest_merge_blame_file/release/manifest-merger-blame-release-report.txt
1<?xml version="1.0" encoding="utf-8"?>
2<manifest xmlns:android="http://schemas.android.com/apk/res/android"
3    package="com.pool.uber"
4    android:versionCode="1"
5    android:versionName="1.0" >
6
7    <uses-sdk
8        android:minSdkVersion="16"
8-->src\main\AndroidManifest.xml
9        android:targetSdkVersion="28" />
9-->src\main\AndroidManifest.xml
10    <!--
11         The ACCESS_COARSE/FINE_LOCATION permissions are not required to use
12         Google Maps Android API v2, but you must specify either coarse or fine
13         location permissions for the 'MyLocation' functionality. 
14    -->
15    <uses-permission android:name="android.permission.ACCESS_FINE_LOCATION" />
15-->src\main\AndroidManifest.xml:9:5-79
15-->src\main\AndroidManifest.xml:9:22-76
16    <uses-permission android:name="android.permission.ACCESS_COARSE_LOCATION" />
16-->src\main\AndroidManifest.xml:10:5-81
16-->src\main\AndroidManifest.xml:10:22-78
17    <uses-permission android:name="android.permission.INTERNET" />
17-->src\main\AndroidManifest.xml:11:5-67
17-->src\main\AndroidManifest.xml:11:22-64
18    <uses-permission android:name="android.permission.READ_EXTERNAL_STORAGE" />
18-->src\main\AndroidManifest.xml:12:5-80
18-->src\main\AndroidManifest.xml:12:22-77
19
20    <!-- Although the *SdkVersion is captured in gradle build files, this is required for non gradle builds -->
21    <!-- <uses-sdk android:minSdkVersion="14"/> -->
22    <uses-permission android:name="android.permission.ACCESS_NETWORK_STATE" />
22-->[com.google.firebase:firebase-database:19.0.0] AndroidManifest.xml:25:5-79
22-->[com.google.firebase:firebase-database:19.0.0] AndroidManifest.xml:25:22-76
23    <uses-permission android:name="android.permission.ACCESS_WIFI_STATE" />
23-->[com.google.android.libraries.places:places:2.0.0] AndroidManifest.xml:10:5-76
23-->[com.google.android.libraries.places:places:2.0.0] AndroidManifest.xml:10:22-73
24
25    <uses-feature
25-->[com.google.android.gms:play-services-maps:17.0.0] AndroidManifest.xml:26:5-28:35
26        android:glEsVersion="0x00020000"
26-->[com.google.android.gms:play-services-maps:17.0.0] AndroidManifest.xml:27:9-41
27        android:required="true" />
27-->[com.google.android.gms:play-services-maps:17.0.0] AndroidManifest.xml:28:9-32
28
29    <uses-permission android:name="android.permission.WAKE_LOCK" />
29-->[com.google.firebase:firebase-measurement-connector-impl:17.0.2] AndroidManifest.xml:24:5-68
29-->[com.google.firebase:firebase-measurement-connector-impl:17.0.2] AndroidManifest.xml:24:22-65
30    <uses-permission android:name="com.google.android.finsky.permission.BIND_GET_INSTALL_REFERRER_SERVICE" /> <!-- Required by older versions of Google Play services to create IID tokens -->
30-->[com.google.firebase:firebase-analytics:16.0.4] AndroidManifest.xml:26:5-110
30-->[com.google.firebase:firebase-analytics:16.0.4] AndroidManifest.xml:26:22-107
31    <uses-permission android:name="com.google.android.c2dm.permission.RECEIVE" />
31-->[com.google.firebase:firebase-iid:19.0.0] AndroidManifest.xml:26:5-82
31-->[com.google.firebase:firebase-iid:19.0.0] AndroidManifest.xml:26:22-79
32    <uses-permission android:name="android.permission.CAMERA" />
32-->[io.card:android-sdk:5.5.1] AndroidManifest.xml:9:5-65
32-->[io.card:android-sdk:5.5.1] AndroidManifest.xml:9:22-62
33    <uses-permission android:name="android.permission.VIBRATE" />
33-->[io.card:android-sdk:5.5.1] AndroidManifest.xml:10:5-66
33-->[io.card:android-sdk:5.5.1] AndroidManifest.xml:10:22-63
34
35    <uses-feature
35-->[io.card:android-sdk:5.5.1] AndroidManifest.xml:12:5-14:36
36        android:name="android.hardware.camera"
36-->[io.card:android-sdk:5.5.1] AndroidManifest.xml:13:9-47
37        android:required="false" />
37-->[io.card:android-sdk:5.5.1] AndroidManifest.xml:14:9-33
38    <uses-feature
38-->[io.card:android-sdk:5.5.1] AndroidManifest.xml:15:5-17:36
39        android:name="android.hardware.camera.autofocus"
39-->[io.card:android-sdk:5.5.1] AndroidManifest.xml:16:9-57
40        android:required="false" />
40-->[io.card:android-sdk:5.5.1] AndroidManifest.xml:17:9-33
41
42    <application
42-->src\main\AndroidManifest.xml:14:5-80:19
43        android:name="androidx.multidex.MultiDexApplication"
44        android:allowBackup="true"
44-->src\main\AndroidManifest.xml:15:9-35
45        android:appComponentFactory="androidx.core.app.CoreComponentFactory"
45-->[androidx.core:core:1.1.0] AndroidManifest.xml:24:18-86
46        android:icon="@mipmap/ic_launcher"
46-->src\main\AndroidManifest.xml:16:9-43
47        android:label="@string/app_name"
47-->src\main\AndroidManifest.xml:17:9-41
48        android:roundIcon="@mipmap/ic_launcher_car_round"
48-->src\main\AndroidManifest.xml:18:9-58
49        android:supportsRtl="true"
49-->src\main\AndroidManifest.xml:19:9-35
50        android:testOnly="true"
51        android:theme="@style/AppTheme" >
51-->src\main\AndroidManifest.xml:20:9-40
52        <activity android:name="com.pool.weRide.drawer_layout" />
52-->src\main\AndroidManifest.xml:21:9-66
52-->src\main\AndroidManifest.xml:21:19-63
53        <activity android:name="com.pool.weRide.splash" >
53-->src\main\AndroidManifest.xml:24:9-44:20
53-->src\main\AndroidManifest.xml:24:19-56
54            <intent-filter>
54-->src\main\AndroidManifest.xml:25:13-43:29
55                <action android:name="android.intent.action.MAIN" />
55-->src\main\AndroidManifest.xml:26:17-69
55-->src\main\AndroidManifest.xml:26:25-66
56
57                <category android:name="android.intent.category.LAUNCHER" />
57-->src\main\AndroidManifest.xml:28:17-77
57-->src\main\AndroidManifest.xml:28:27-74
58                <!-- just random code to remce the manigest waring and can be used taht browser link open in your app instead of browser -->
59                <action android:name="android.intent.action.VIEW" />
59-->src\main\AndroidManifest.xml:30:17-69
59-->src\main\AndroidManifest.xml:30:25-66
60
61                <category android:name="android.intent.category.DEFAULT" />
61-->src\main\AndroidManifest.xml:31:17-76
61-->src\main\AndroidManifest.xml:31:27-73
62                <category android:name="android.intent.category.BROWSABLE" />
62-->src\main\AndroidManifest.xml:32:17-78
62-->src\main\AndroidManifest.xml:32:27-75
63                <!-- Accepts URIs that begin with "http://www.example.com/gizmos” -->
64                <data
64-->src\main\AndroidManifest.xml:34:17-37:45
65                    android:host="www.google.com"
65-->src\main\AndroidManifest.xml:35:21-50
66                    android:pathPrefix="/gizmos"
66-->src\main\AndroidManifest.xml:36:21-49
67                    android:scheme="http" />
67-->src\main\AndroidManifest.xml:37:21-42
68                <!-- note that the leading "/" is required for pathPrefix -->
69                <!-- Accepts URIs that begin with "example://gizmos” -->
70                <data
70-->src\main\AndroidManifest.xml:34:17-37:45
71                    android:host="gizmos"
71-->src\main\AndroidManifest.xml:35:21-50
72                    android:scheme="example" />
72-->src\main\AndroidManifest.xml:37:21-42
73            </intent-filter>
74        </activity>
75        <activity android:name="com.pool.weRide.signin_activity" />
75-->src\main\AndroidManifest.xml:46:9-68
75-->src\main\AndroidManifest.xml:46:19-65
76        <activity android:name="com.pool.weRide.signup_activity" />
76-->src\main\AndroidManifest.xml:47:9-68
76-->src\main\AndroidManifest.xml:47:19-65
77        <activity android:name="com.pool.weRide.userType" />
77-->src\main\AndroidManifest.xml:48:9-61
77-->src\main\AndroidManifest.xml:48:19-58
78
79        <!--
80             The API key for Google Maps-based APIs is defined as a string resource.
81             (See the file "res/values/google_maps_api.xml").
82             Note that the API key is linked to the encryption key used to sign the APK.
83             You need a different API key for each encryption key, including the release key that is used to
84             sign the APK for publishing.
85             You can define the keys for the debug and release targets in src/debug/ and src/release/. 
86        -->
87        <meta-data
87-->src\main\AndroidManifest.xml:58:9-60:55
88            android:name="com.google.android.geo.API_KEY"
88-->src\main\AndroidManifest.xml:59:13-58
89            android:value="@string/google_maps_key" />
89-->src\main\AndroidManifest.xml:60:13-52
90
91        <activity
91-->src\main\AndroidManifest.xml:62:9-64:65
92            android:name="com.pool.weRide.DriverMapActivity"
92-->src\main\AndroidManifest.xml:63:13-61
93            android:label="@string/title_activity_driver_map" />
93-->src\main\AndroidManifest.xml:64:13-62
94        <activity android:name="com.pool.weRide.verifyPhoneActivity" />
94-->src\main\AndroidManifest.xml:66:9-72
94-->src\main\AndroidManifest.xml:66:19-69
95        <activity android:name="com.pool.weRide.PhoneNumberActivity" />
95-->src\main\AndroidManifest.xml:67:9-72
95-->src\main\AndroidManifest.xml:67:19-69
96        <activity android:name="com.pool.weRide.CustomerMapActivity" />
96-->src\main\AndroidManifest.xml:69:9-72
96-->src\main\AndroidManifest.xml:69:19-69
97        <activity android:name="com.pool.weRide.CustomerSettingsActivity" />
97-->src\main\AndroidManifest.xml:70:9-77
97-->src\main\AndroidManifest.xml:70:19-74
98        <activity android:name="com.pool.weRide.DriverSettingsActivity" />
98-->src\main\AndroidManifest.xml:71:9-75
98-->src\main\AndroidManifest.xml:71:19-72
99        <activity android:name="com.pool.weRide.HistoryActivity" />
99-->src\main\AndroidManifest.xml:72:9-68
99-->src\main\AndroidManifest.xml:72:19-65
100        <activity android:name="com.pool.weRide.HistorySingleActivity" />
100-->src\main\AndroidManifest.xml:73:9-74
100-->src\main\AndroidManifest.xml:73:19-71
101
102        <!-- this line is tell app will can run in app background -->
103        <!--
104        <service
105            android:name="com.pool.weRide.onAppKilled"
106            android:stopWithTask="false" />
107        -->
108        <!--
109             FirebaseMessagingService performs security checks at runtime,
110             but set to not exported to explicitly avoid allowing another app to call it.
111        -->
112        <service
112-->[com.google.firebase:firebase-messaging:19.0.0] AndroidManifest.xml:28:9-34:19
113            android:name="com.google.firebase.messaging.FirebaseMessagingService"
113-->[com.google.firebase:firebase-messaging:19.0.0] AndroidManifest.xml:29:13-82
114            android:exported="false" >
114-->[com.google.firebase:firebase-messaging:19.0.0] AndroidManifest.xml:30:13-37
115            <intent-filter android:priority="-500" >
115-->[com.google.firebase:firebase-messaging:19.0.0] AndroidManifest.xml:31:13-33:29
115-->[com.google.firebase:firebase-messaging:19.0.0] AndroidManifest.xml:31:28-51
116                <action android:name="com.google.firebase.MESSAGING_EVENT" />
116-->[com.google.firebase:firebase-messaging:19.0.0] AndroidManifest.xml:32:17-78
116-->[com.google.firebase:firebase-messaging:19.0.0] AndroidManifest.xml:32:25-75
117            </intent-filter>
118        </service>
119        <service
119-->[com.google.firebase:firebase-database:19.0.0] AndroidManifest.xml:29:9-35:19
120            android:name="com.google.firebase.components.ComponentDiscoveryService"
120-->[com.google.firebase:firebase-database:19.0.0] AndroidManifest.xml:30:13-84
121            android:exported="false" >
121-->[com.google.firebase:firebase-database:19.0.0] AndroidManifest.xml:31:13-37
122            <meta-data
122-->[com.google.firebase:firebase-database:19.0.0] AndroidManifest.xml:32:13-34:85
123                android:name="com.google.firebase.components:com.google.firebase.database.DatabaseRegistrar"
123-->[com.google.firebase:firebase-database:19.0.0] AndroidManifest.xml:33:17-109
124                android:value="com.google.firebase.components.ComponentRegistrar" />
124-->[com.google.firebase:firebase-database:19.0.0] AndroidManifest.xml:34:17-82
125            <meta-data
125-->[com.google.firebase:firebase-auth:19.0.0] AndroidManifest.xml:36:13-38:85
126                android:name="com.google.firebase.components:com.google.firebase.auth.FirebaseAuthRegistrar"
126-->[com.google.firebase:firebase-auth:19.0.0] AndroidManifest.xml:37:17-109
127                android:value="com.google.firebase.components.ComponentRegistrar" />
127-->[com.google.firebase:firebase-auth:19.0.0] AndroidManifest.xml:38:17-82
128            <meta-data
128-->[com.google.firebase:firebase-storage:19.0.0] AndroidManifest.xml:33:13-35:85
129                android:name="com.google.firebase.components:com.google.firebase.storage.StorageRegistrar"
129-->[com.google.firebase:firebase-storage:19.0.0] AndroidManifest.xml:34:17-107
130                android:value="com.google.firebase.components.ComponentRegistrar" />
130-->[com.google.firebase:firebase-storage:19.0.0] AndroidManifest.xml:35:17-82
131            <meta-data
131-->[com.google.firebase:firebase-inappmessaging:19.0.0] AndroidManifest.xml:17:13-19:85
132                android:name="com.google.firebase.components:com.google.firebase.inappmessaging.FirebaseInAppMessagingRegistrar"
132-->[com.google.firebase:firebase-inappmessaging:19.0.0] AndroidManifest.xml:18:17-129
133                android:value="com.google.firebase.components.ComponentRegistrar" />
133-->[com.google.firebase:firebase-inappmessaging:19.0.0] AndroidManifest.xml:19:17-82
134            <meta-data
134-->[com.google.firebase:firebase-measurement-connector-impl:17.0.2] AndroidManifest.xml:28:13-30:85
135                android:name="com.google.firebase.components:com.google.firebase.analytics.connector.internal.AnalyticsConnectorRegistrar"
135-->[com.google.firebase:firebase-measurement-connector-impl:17.0.2] AndroidManifest.xml:29:17-139
136                android:value="com.google.firebase.components.ComponentRegistrar" />
136-->[com.google.firebase:firebase-measurement-connector-impl:17.0.2] AndroidManifest.xml:30:17-82
137            <meta-data
137-->[com.google.firebase:firebase-iid:19.0.0] AndroidManifest.xml:32:13-34:85
138                android:name="com.google.firebase.components:com.google.firebase.iid.Registrar"
138-->[com.google.firebase:firebase-iid:19.0.0] AndroidManifest.xml:33:17-96
139                android:value="com.google.firebase.components.ComponentRegistrar" />
139-->[com.google.firebase:firebase-iid:19.0.0] AndroidManifest.xml:34:17-82
140            <meta-data
140-->[com.google.firebase:firebase-abt:19.0.0] AndroidManifest.xml:13:13-15:85
141                android:name="com.google.firebase.components:com.google.firebase.abt.component.AbtRegistrar"
141-->[com.google.firebase:firebase-abt:19.0.0] AndroidManifest.xml:14:17-109
142                android:value="com.google.firebase.components.ComponentRegistrar" />
142-->[com.google.firebase:firebase-abt:19.0.0] AndroidManifest.xml:15:17-82
143            <meta-data
143-->[com.google.firebase:firebase-datatransport:17.0.2] AndroidManifest.xml:28:13-30:85
144                android:name="com.google.firebase.components:com.google.firebase.datatransport.TransportRegistrar"
144-->[com.google.firebase:firebase-datatransport:17.0.2] AndroidManifest.xml:29:17-115
145                android:value="com.google.firebase.components.ComponentRegistrar" />
145-->[com.google.firebase:firebase-datatransport:17.0.2] AndroidManifest.xml:30:17-82
146        </service>
147
148        <activity
148-->[com.google.firebase:firebase-auth:19.0.0] AndroidManifest.xml:24:9-31:50
149            android:name="com.google.firebase.auth.internal.FederatedSignInActivity"
149-->[com.google.firebase:firebase-auth:19.0.0] AndroidManifest.xml:25:13-85
150            android:excludeFromRecents="true"
150-->[com.google.firebase:firebase-auth:19.0.0] AndroidManifest.xml:26:13-46
151            android:exported="true"
151-->[com.google.firebase:firebase-auth:19.0.0] AndroidManifest.xml:27:13-36
152            android:launchMode="singleTask"
152-->[com.google.firebase:firebase-auth:19.0.0] AndroidManifest.xml:28:13-44
153            android:permission="com.google.firebase.auth.api.gms.permission.LAUNCH_FEDERATED_SIGN_IN"
153-->[com.google.firebase:firebase-auth:19.0.0] AndroidManifest.xml:29:13-102
154            android:theme="@android:style/Theme.Translucent.NoTitleBar" /> <!-- Autocomplete -->
154-->[com.google.firebase:firebase-auth:19.0.0] AndroidManifest.xml:30:13-72
155        <activity
155-->[com.google.android.libraries.places:places:2.0.0] AndroidManifest.xml:16:9-23:20
156            android:name="com.google.android.libraries.places.widget.AutocompleteActivity"
156-->[com.google.android.libraries.places:places:2.0.0] AndroidManifest.xml:17:13-91
157            android:exported="false"
157-->[com.google.android.libraries.places:places:2.0.0] AndroidManifest.xml:18:13-37
158            android:hardwareAccelerated="true"
158-->[com.google.android.libraries.places:places:2.0.0] AndroidManifest.xml:19:13-47
159            android:label="@string/places_autocomplete_label"
159-->[com.google.android.libraries.places:places:2.0.0] AndroidManifest.xml:20:13-62
160            android:theme="@style/PlacesAutocompleteThemeOverlay"
160-->[com.google.android.libraries.places:places:2.0.0] AndroidManifest.xml:21:13-66
161            android:windowSoftInputMode="stateAlwaysVisible|adjustPan" >
161-->[com.google.android.libraries.places:places:2.0.0] AndroidManifest.xml:22:13-71
162        </activity> <!-- Needs to be explicitly declared on P+ -->
163        <uses-library
163-->[com.google.android.gms:play-services-maps:17.0.0] AndroidManifest.xml:33:9-35:40
164            android:name="org.apache.http.legacy"
164-->[com.google.android.gms:play-services-maps:17.0.0] AndroidManifest.xml:34:13-50
165            android:required="false" />
165-->[com.google.android.gms:play-services-maps:17.0.0] AndroidManifest.xml:35:13-37
166
167        <activity
167-->[com.google.android.gms:play-services-auth:17.0.0] AndroidManifest.xml:23:9-27:75
168            android:name="com.google.android.gms.auth.api.signin.internal.SignInHubActivity"
168-->[com.google.android.gms:play-services-auth:17.0.0] AndroidManifest.xml:24:13-93
169            android:excludeFromRecents="true"
169-->[com.google.android.gms:play-services-auth:17.0.0] AndroidManifest.xml:25:13-46
170            android:exported="false"
170-->[com.google.android.gms:play-services-auth:17.0.0] AndroidManifest.xml:26:13-37
171            android:theme="@android:style/Theme.Translucent.NoTitleBar" />
171-->[com.google.android.gms:play-services-auth:17.0.0] AndroidManifest.xml:27:13-72
172        <!--
173            Service handling Google Sign-In user revocation. For apps that do not integrate with
174            Google Sign-In, this service will never be started.
175        -->
176        <service
176-->[com.google.android.gms:play-services-auth:17.0.0] AndroidManifest.xml:33:9-36:110
177            android:name="com.google.android.gms.auth.api.signin.RevocationBoundService"
177-->[com.google.android.gms:play-services-auth:17.0.0] AndroidManifest.xml:34:13-89
178            android:exported="true"
178-->[com.google.android.gms:play-services-auth:17.0.0] AndroidManifest.xml:35:13-36
179            android:permission="com.google.android.gms.auth.api.signin.permission.REVOCATION_NOTIFICATION" />
179-->[com.google.android.gms:play-services-auth:17.0.0] AndroidManifest.xml:36:13-107
180
181        <activity android:name="com.paypal.android.sdk.payments.PaymentActivity" />
181-->[com.paypal.sdk:paypal-android-sdk:2.16.0] AndroidManifest.xml:13:9-84
181-->[com.paypal.sdk:paypal-android-sdk:2.16.0] AndroidManifest.xml:13:19-81
182        <activity android:name="com.paypal.android.sdk.payments.PaymentMethodActivity" />
182-->[com.paypal.sdk:paypal-android-sdk:2.16.0] AndroidManifest.xml:14:9-90
182-->[com.paypal.sdk:paypal-android-sdk:2.16.0] AndroidManifest.xml:14:19-87
183        <activity android:name="com.paypal.android.sdk.payments.PaymentConfirmActivity" />
183-->[com.paypal.sdk:paypal-android-sdk:2.16.0] AndroidManifest.xml:15:9-91
183-->[com.paypal.sdk:paypal-android-sdk:2.16.0] AndroidManifest.xml:15:19-88
184        <activity android:name="com.paypal.android.sdk.payments.LoginActivity" />
184-->[com.paypal.sdk:paypal-android-sdk:2.16.0] AndroidManifest.xml:16:9-82
184-->[com.paypal.sdk:paypal-android-sdk:2.16.0] AndroidManifest.xml:16:19-79
185        <activity android:name="com.paypal.android.sdk.payments.PayPalFuturePaymentActivity" />
185-->[com.paypal.sdk:paypal-android-sdk:2.16.0] AndroidManifest.xml:17:9-96
185-->[com.paypal.sdk:paypal-android-sdk:2.16.0] AndroidManifest.xml:17:19-93
186        <activity android:name="com.paypal.android.sdk.payments.FuturePaymentConsentActivity" />
186-->[com.paypal.sdk:paypal-android-sdk:2.16.0] AndroidManifest.xml:18:9-97
186-->[com.paypal.sdk:paypal-android-sdk:2.16.0] AndroidManifest.xml:18:19-94
187        <activity android:name="com.paypal.android.sdk.payments.FuturePaymentInfoActivity" />
187-->[com.paypal.sdk:paypal-android-sdk:2.16.0] AndroidManifest.xml:19:9-94
187-->[com.paypal.sdk:paypal-android-sdk:2.16.0] AndroidManifest.xml:19:19-91
188        <activity android:name="com.paypal.android.sdk.payments.PayPalProfileSharingActivity" />
188-->[com.paypal.sdk:paypal-android-sdk:2.16.0] AndroidManifest.xml:20:9-97
188-->[com.paypal.sdk:paypal-android-sdk:2.16.0] AndroidManifest.xml:20:19-94
189        <activity android:name="com.paypal.android.sdk.payments.ProfileSharingConsentActivity" />
189-->[com.paypal.sdk:paypal-android-sdk:2.16.0] AndroidManifest.xml:21:9-98
189-->[com.paypal.sdk:paypal-android-sdk:2.16.0] AndroidManifest.xml:21:19-95
190
191        <service
191-->[com.paypal.sdk:paypal-android-sdk:2.16.0] AndroidManifest.xml:23:9-25:40
192            android:name="com.paypal.android.sdk.payments.PayPalService"
192-->[com.paypal.sdk:paypal-android-sdk:2.16.0] AndroidManifest.xml:24:13-73
193            android:exported="false" />
193-->[com.paypal.sdk:paypal-android-sdk:2.16.0] AndroidManifest.xml:25:13-37
194
195        <provider
195-->[com.squareup.picasso:picasso:2.71828] AndroidManifest.xml:8:9-11:40
196            android:name="com.squareup.picasso.PicassoProvider"
196-->[com.squareup.picasso:picasso:2.71828] AndroidManifest.xml:9:13-64
197            android:authorities="com.pool.uber.com.squareup.picasso"
197-->[com.squareup.picasso:picasso:2.71828] AndroidManifest.xml:10:13-72
198            android:exported="false" />
198-->[com.squareup.picasso:picasso:2.71828] AndroidManifest.xml:11:13-37
199
200        <receiver
200-->[com.google.firebase:firebase-analytics:16.0.4] AndroidManifest.xml:29:9-33:20
201            android:name="com.google.android.gms.measurement.AppMeasurementReceiver"
201-->[com.google.firebase:firebase-analytics:16.0.4] AndroidManifest.xml:30:13-85
202            android:enabled="true"
202-->[com.google.firebase:firebase-analytics:16.0.4] AndroidManifest.xml:31:13-35
203            android:exported="false" >
203-->[com.google.firebase:firebase-analytics:16.0.4] AndroidManifest.xml:32:13-37
204        </receiver>
205        <receiver
205-->[com.google.firebase:firebase-analytics:16.0.4] AndroidManifest.xml:34:9-42:20
206            android:name="com.google.android.gms.measurement.AppMeasurementInstallReferrerReceiver"
206-->[com.google.firebase:firebase-analytics:16.0.4] AndroidManifest.xml:35:13-100
207            android:enabled="true"
207-->[com.google.firebase:firebase-analytics:16.0.4] AndroidManifest.xml:36:13-35
208            android:exported="true"
208-->[com.google.firebase:firebase-analytics:16.0.4] AndroidManifest.xml:37:13-36
209            android:permission="android.permission.INSTALL_PACKAGES" >
209-->[com.google.firebase:firebase-analytics:16.0.4] AndroidManifest.xml:38:13-69
210            <intent-filter>
210-->[com.google.firebase:firebase-analytics:16.0.4] AndroidManifest.xml:39:13-41:29
211                <action android:name="com.android.vending.INSTALL_REFERRER" />
211-->[com.google.firebase:firebase-analytics:16.0.4] AndroidManifest.xml:40:17-79
211-->[com.google.firebase:firebase-analytics:16.0.4] AndroidManifest.xml:40:25-76
212            </intent-filter>
213        </receiver>
214
215        <service
215-->[com.google.firebase:firebase-analytics:16.0.4] AndroidManifest.xml:44:9-47:40
216            android:name="com.google.android.gms.measurement.AppMeasurementService"
216-->[com.google.firebase:firebase-analytics:16.0.4] AndroidManifest.xml:45:13-84
217            android:enabled="true"
217-->[com.google.firebase:firebase-analytics:16.0.4] AndroidManifest.xml:46:13-35
218            android:exported="false" />
218-->[com.google.firebase:firebase-analytics:16.0.4] AndroidManifest.xml:47:13-37
219        <service
219-->[com.google.firebase:firebase-analytics:16.0.4] AndroidManifest.xml:48:9-52:72
220            android:name="com.google.android.gms.measurement.AppMeasurementJobService"
220-->[com.google.firebase:firebase-analytics:16.0.4] AndroidManifest.xml:49:13-87
221            android:enabled="true"
221-->[com.google.firebase:firebase-analytics:16.0.4] AndroidManifest.xml:50:13-35
222            android:exported="false"
222-->[com.google.firebase:firebase-analytics:16.0.4] AndroidManifest.xml:51:13-37
223            android:permission="android.permission.BIND_JOB_SERVICE" />
223-->[com.google.firebase:firebase-analytics:16.0.4] AndroidManifest.xml:52:13-69
224
225        <receiver
225-->[com.google.firebase:firebase-iid:19.0.0] AndroidManifest.xml:37:9-44:20
226            android:name="com.google.firebase.iid.FirebaseInstanceIdReceiver"
226-->[com.google.firebase:firebase-iid:19.0.0] AndroidManifest.xml:38:13-78
227            android:exported="true"
227-->[com.google.firebase:firebase-iid:19.0.0] AndroidManifest.xml:39:13-36
228            android:permission="com.google.android.c2dm.permission.SEND" >
228-->[com.google.firebase:firebase-iid:19.0.0] AndroidManifest.xml:40:13-73
229            <intent-filter>
229-->[com.google.firebase:firebase-iid:19.0.0] AndroidManifest.xml:41:13-43:29
230                <action android:name="com.google.android.c2dm.intent.RECEIVE" />
230-->[com.google.firebase:firebase-iid:19.0.0] AndroidManifest.xml:42:17-81
230-->[com.google.firebase:firebase-iid:19.0.0] AndroidManifest.xml:42:25-78
231            </intent-filter>
232        </receiver>
233
234        <provider
234-->[com.google.firebase:firebase-common:19.0.0] AndroidManifest.xml:12:9-16:39
235            android:name="com.google.firebase.provider.FirebaseInitProvider"
235-->[com.google.firebase:firebase-common:19.0.0] AndroidManifest.xml:13:13-77
236            android:authorities="com.pool.uber.firebaseinitprovider"
236-->[com.google.firebase:firebase-common:19.0.0] AndroidManifest.xml:14:13-72
237            android:exported="false"
237-->[com.google.firebase:firebase-common:19.0.0] AndroidManifest.xml:15:13-37
238            android:initOrder="100" />
238-->[com.google.firebase:firebase-common:19.0.0] AndroidManifest.xml:16:13-36
239
240        <activity
240-->[com.google.android.gms:play-services-base:17.1.0] AndroidManifest.xml:23:9-26:75
241            android:name="com.google.android.gms.common.api.GoogleApiActivity"
241-->[com.google.android.gms:play-services-base:17.1.0] AndroidManifest.xml:24:13-79
242            android:exported="false"
242-->[com.google.android.gms:play-services-base:17.1.0] AndroidManifest.xml:25:13-37
243            android:theme="@android:style/Theme.Translucent.NoTitleBar" />
243-->[com.google.android.gms:play-services-base:17.1.0] AndroidManifest.xml:26:13-72
244
245        <meta-data
245-->[com.google.android.gms:play-services-basement:17.0.0] AndroidManifest.xml:23:9-25:69
246            android:name="com.google.android.gms.version"
246-->[com.google.android.gms:play-services-basement:17.0.0] AndroidManifest.xml:24:13-58
247            android:value="@integer/google_play_services_version" />
247-->[com.google.android.gms:play-services-basement:17.0.0] AndroidManifest.xml:25:13-66
248
249        <service
249-->[com.google.android.datatransport:transport-backend-cct:2.0.2] AndroidManifest.xml:29:9-35:19
250            android:name="com.google.android.datatransport.runtime.backends.TransportBackendDiscovery"
250-->[com.google.android.datatransport:transport-backend-cct:2.0.2] AndroidManifest.xml:30:13-103
251            android:exported="false" >
251-->[com.google.android.datatransport:transport-backend-cct:2.0.2] AndroidManifest.xml:31:13-37
252            <meta-data
252-->[com.google.android.datatransport:transport-backend-cct:2.0.2] AndroidManifest.xml:32:13-34:39
253                android:name="backend:com.google.android.datatransport.cct.CctBackendFactory"
253-->[com.google.android.datatransport:transport-backend-cct:2.0.2] AndroidManifest.xml:33:17-94
254                android:value="cct" />
254-->[com.google.android.datatransport:transport-backend-cct:2.0.2] AndroidManifest.xml:34:17-36
255        </service>
256        <service
256-->[com.google.android.datatransport:transport-runtime:2.0.0] AndroidManifest.xml:26:9-30:19
257            android:name="com.google.android.datatransport.runtime.scheduling.jobscheduling.JobInfoSchedulerService"
257-->[com.google.android.datatransport:transport-runtime:2.0.0] AndroidManifest.xml:27:13-117
258            android:exported="false"
258-->[com.google.android.datatransport:transport-runtime:2.0.0] AndroidManifest.xml:28:13-37
259            android:permission="android.permission.BIND_JOB_SERVICE" >
259-->[com.google.android.datatransport:transport-runtime:2.0.0] AndroidManifest.xml:29:13-69
260        </service>
261
262        <receiver
262-->[com.google.android.datatransport:transport-runtime:2.0.0] AndroidManifest.xml:32:9-34:40
263            android:name="com.google.android.datatransport.runtime.scheduling.jobscheduling.AlarmManagerSchedulerBroadcastReceiver"